SF:lib\src\core\utils\errors\result.dart
DA:6,1
DA:12,0
LF:2
LH:1
end_of_record
SF:lib\src\features\exam\data\repositories\exam_repo_impl.dart
DA:12,1
DA:15,1
DA:17,2
DA:18,1
DA:19,1
DA:21,2
DA:26,1
DA:28,2
DA:30,1
DA:32,2
DA:36,1
DA:39,2
DA:40,1
DA:41,1
DA:43,2
LF:15
LH:15
end_of_record
SF:lib\src\features\exam\domain\entities\exams_entity.dart
DA:10,1
DA:20,0
DA:21,0
DA:22,0
DA:23,0
DA:24,0
DA:25,0
DA:26,0
DA:27,0
DA:28,0
DA:32,0
DA:33,0
DA:34,0
DA:35,0
DA:36,0
DA:37,0
DA:38,0
DA:39,0
DA:40,0
LF:19
LH:1
end_of_record
SF:lib\src\features\exam\domain\entities\subject_entity.dart
DA:3,0
DA:8,0
DA:9,0
DA:10,0
DA:11,0
DA:12,0
DA:13,0
DA:14,0
DA:22,0
DA:23,0
DA:24,0
DA:25,0
DA:26,0
DA:28,0
DA:29,0
DA:38,1
DA:44,0
DA:45,0
DA:46,0
DA:47,0
DA:48,0
DA:55,0
DA:56,0
DA:57,0
DA:58,0
DA:59,0
DA:60,0
DA:68,0
DA:73,0
DA:74,0
DA:75,0
DA:76,0
DA:82,0
DA:83,0
DA:84,0
DA:85,0
DA:86,0
LF:37
LH:1
end_of_record
